<?xml version="1.0" encoding="UTF-8"?>
<!-- Generated by org.testng.reporters.JUnitXMLReporter -->
<testsuite ignored="3" hostname="DESKTOP-EGMN6BR" failures="0" tests="2" name="Test" time="9.935" errors="0" timestamp="2024-06-14T09:57:31 IST">
  <testcase classname="testCases.TC_001_AccountRegistrationTest" name="verify_account_registration" time="2.131"/>
  <testcase classname="testCases.TC_002_LoginTest" name="verify_login" time="1.738"/>
  <testcase classname="testCases.TC_004_SearchProductTest" name="verify_pruductSearch" time="0.0">
    <ignored/>
  </testcase> <!-- verify_pruductSearch -->
  <testcase classname="testCases.TC_005_AddToCartPageTest" name="verify_addToCart" time="0.0">
    <ignored/>
  </testcase> <!-- verify_addToCart -->
  <testcase classname="testCases.TC_006_EndToEndTest" name="endToendTest" time="0.0">
    <ignored/>
  </testcase> <!-- endToendTest -->
</testsuite> <!-- Test -->
